c:\users\han.glschool2\ducintern2022\minigamestarter\minigamestarter\trainingframework\debug-nvidia\vc142.pdb
c:\users\han.glschool2\ducintern2022\minigamestarter\minigamestarter\trainingframework\debug-nvidia\vc142.idb
c:\users\han.glschool2\ducintern2022\minigamestarter\minigamestarter\trainingframework\debug-nvidia\gsmenu.obj
c:\users\han.glschool2\ducintern2022\minigamestarter\minigamestarter\trainingframework\debug-nvidia\gsintro.obj
c:\users\han.glschool2\ducintern2022\minigamestarter\minigamestarter\trainingframework\debug-nvidia\gamestatemachine.obj
c:\users\han.glschool2\ducintern2022\minigamestarter\minigamestarter\trainingframework\debug-nvidia\gamestatebase.obj
c:\users\han.glschool2\ducintern2022\minigamestarter\minigamestarter\trainingframework\debug-nvidia\gsgameover.obj
c:\users\han.glschool2\ducintern2022\minigamestarter\minigamestarter\trainingframework\debug-nvidia\texture.obj
c:\users\han.glschool2\ducintern2022\minigamestarter\minigamestarter\trainingframework\debug-nvidia\text.obj
c:\users\han.glschool2\ducintern2022\minigamestarter\minigamestarter\trainingframework\debug-nvidia\spriteanimation.obj
c:\users\han.glschool2\ducintern2022\minigamestarter\minigamestarter\trainingframework\debug-nvidia\shader.obj
c:\users\han.glschool2\ducintern2022\minigamestarter\minigamestarter\trainingframework\debug-nvidia\model.obj
c:\users\han.glschool2\ducintern2022\minigamestarter\minigamestarter\trainingframework\debug-nvidia\sprite3d.obj
c:\users\han.glschool2\ducintern2022\minigamestarter\minigamestarter\trainingframework\debug-nvidia\camera.obj
c:\users\han.glschool2\ducintern2022\minigamestarter\minigamestarter\trainingframework\debug-nvidia\sprite2d.obj
c:\users\han.glschool2\ducintern2022\minigamestarter\minigamestarter\trainingframework\debug-nvidia\player.obj
c:\users\han.glschool2\ducintern2022\minigamestarter\minigamestarter\trainingframework\debug-nvidia\obstacle.obj
c:\users\han.glschool2\ducintern2022\minigamestarter\minigamestarter\trainingframework\debug-nvidia\collision.obj
c:\users\han.glschool2\ducintern2022\minigamestarter\minigamestarter\trainingframework\debug-nvidia\gamebutton.obj
c:\users\han.glschool2\ducintern2022\minigamestarter\minigamestarter\trainingframework\debug-nvidia\font.obj
c:\users\han.glschool2\ducintern2022\minigamestarter\minigamestarter\trainingframework\debug-nvidia\resourcemanagers.obj
c:\users\han.glschool2\ducintern2022\minigamestarter\minigamestarter\trainingframework\debug-nvidia\application.obj
c:\users\han.glschool2\ducintern2022\minigamestarter\minigamestarter\trainingframework\debug-nvidia\trainingframework.obj
c:\users\han.glschool2\ducintern2022\minigamestarter\minigamestarter\trainingframework\debug-nvidia\gssettings.obj
c:\users\han.glschool2\ducintern2022\minigamestarter\minigamestarter\trainingframework\debug-nvidia\gsplay.obj
c:\users\han.glschool2\ducintern2022\minigamestarter\minigamestarter\trainingframework\debug-nvidia\gspause.obj
c:\users\han.glschool2\ducintern2022\minigamestarter\minigamestarter\bin-nvidia\trainingframework.exe
c:\users\han.glschool2\ducintern2022\minigamestarter\minigamestarter\trainingframework\debug-nvidia\trainingframework.ilk
c:\users\han.glschool2\ducintern2022\minigamestarter\minigamestarter\bin-nvidia\trainingframework.pdb
d:\ducintern2022\minigamestarter\minigamestarter\trainingframework\debug-nvidia\trainingframework.vcxprojresolveassemblyreference.cache
d:\ducintern2022\minigamestarter\minigamestarter\trainingframework\debug-nvidia\application.obj
d:\ducintern2022\minigamestarter\minigamestarter\trainingframework\debug-nvidia\camera.obj
d:\ducintern2022\minigamestarter\minigamestarter\trainingframework\debug-nvidia\collision.obj
d:\ducintern2022\minigamestarter\minigamestarter\trainingframework\debug-nvidia\font.obj
d:\ducintern2022\minigamestarter\minigamestarter\trainingframework\debug-nvidia\gamebutton.obj
d:\ducintern2022\minigamestarter\minigamestarter\trainingframework\debug-nvidia\gamestatebase.obj
d:\ducintern2022\minigamestarter\minigamestarter\trainingframework\debug-nvidia\gamestatemachine.obj
d:\ducintern2022\minigamestarter\minigamestarter\trainingframework\debug-nvidia\gsgameover.obj
d:\ducintern2022\minigamestarter\minigamestarter\trainingframework\debug-nvidia\gsintro.obj
d:\ducintern2022\minigamestarter\minigamestarter\trainingframework\debug-nvidia\gsmenu.obj
d:\ducintern2022\minigamestarter\minigamestarter\trainingframework\debug-nvidia\gspause.obj
d:\ducintern2022\minigamestarter\minigamestarter\trainingframework\debug-nvidia\gsplay.obj
d:\ducintern2022\minigamestarter\minigamestarter\trainingframework\debug-nvidia\gssettings.obj
d:\ducintern2022\minigamestarter\minigamestarter\trainingframework\debug-nvidia\model.obj
d:\ducintern2022\minigamestarter\minigamestarter\trainingframework\debug-nvidia\obstacle.obj
d:\ducintern2022\minigamestarter\minigamestarter\trainingframework\debug-nvidia\player.obj
d:\ducintern2022\minigamestarter\minigamestarter\trainingframework\debug-nvidia\resourcemanagers.obj
d:\ducintern2022\minigamestarter\minigamestarter\trainingframework\debug-nvidia\shader.obj
d:\ducintern2022\minigamestarter\minigamestarter\trainingframework\debug-nvidia\sprite2d.obj
d:\ducintern2022\minigamestarter\minigamestarter\trainingframework\debug-nvidia\sprite3d.obj
d:\ducintern2022\minigamestarter\minigamestarter\trainingframework\debug-nvidia\spriteanimation.obj
d:\ducintern2022\minigamestarter\minigamestarter\trainingframework\debug-nvidia\text.obj
d:\ducintern2022\minigamestarter\minigamestarter\trainingframework\debug-nvidia\texture.obj
d:\ducintern2022\minigamestarter\minigamestarter\trainingframework\debug-nvidia\trainingframework.obj
d:\ducintern2022\minigamestarter\minigamestarter\trainingframework\debug-nvidia\trainingframework.ilk
d:\ducintern2022\minigamestarter\minigamestarter\trainingframework\debug-nvidia\vc140.idb
d:\ducintern2022\minigamestarter\minigamestarter\trainingframework\debug-nvidia\vc142.idb
d:\ducintern2022\minigamestarter\minigamestarter\trainingframework\debug-nvidia\vc140.pdb
d:\ducintern2022\minigamestarter\minigamestarter\trainingframework\debug-nvidia\vc142.pdb
d:\ducintern2022\minigamestarter\minigamestarter\\bin-nvidia\trainingframework.pdb
d:\ducintern2022\minigamestarter\minigamestarter\\bin-nvidia\trainingframework.exe
d:\ducintern2022\minigamestarter\minigamestarter\\bin-nvidia\trainingframework.ilk
d:\ducintern2022\minigamestarter\minigamestarter\trainingframework\debug-nvidia\training.fc024ec8.tlog\cl.command.1.tlog
d:\ducintern2022\minigamestarter\minigamestarter\trainingframework\debug-nvidia\training.fc024ec8.tlog\cl.read.1.tlog
d:\ducintern2022\minigamestarter\minigamestarter\trainingframework\debug-nvidia\training.fc024ec8.tlog\cl.write.1.tlog
d:\ducintern2022\minigamestarter\minigamestarter\trainingframework\debug-nvidia\training.fc024ec8.tlog\link.command.1.tlog
d:\ducintern2022\minigamestarter\minigamestarter\trainingframework\debug-nvidia\training.fc024ec8.tlog\link.read.1.tlog
d:\ducintern2022\minigamestarter\minigamestarter\trainingframework\debug-nvidia\training.fc024ec8.tlog\link.write.1.tlog
