  GSPlay.cpp
C:\Users\han.glschool2\DucIntern2022\MiniGameStarter\MiniGameStarter\TrainingFramework\src\GameStates\GSPlay.cpp(52,45): warning C4244: 'argument': conversion from 'int' to 'GLfloat', possible loss of data
C:\Users\han.glschool2\DucIntern2022\MiniGameStarter\MiniGameStarter\TrainingFramework\src\GameStates\GSPlay.cpp(158,35): warning C4244: 'argument': conversion from 'float' to 'GLint', possible loss of data
C:\Users\han.glschool2\DucIntern2022\MiniGameStarter\MiniGameStarter\TrainingFramework\src\GameStates\GSPlay.cpp(158,32): warning C4244: 'argument': conversion from 'float' to 'GLint', possible loss of data
C:\Users\han.glschool2\DucIntern2022\MiniGameStarter\MiniGameStarter\TrainingFramework\src\GameStates\GSPlay.cpp(195,84): warning C4244: '=': conversion from 'double' to 'GLfloat', possible loss of data
C:\Users\han.glschool2\DucIntern2022\MiniGameStarter\MiniGameStarter\TrainingFramework\src\GameStates\GSPlay.cpp(257,3): warning C4065: switch statement contains 'default' but no 'case' labels
C:\Program Files (x86)\Microsoft Visual Studio\2019\Community\VC\Tools\MSVC\14.29.30133\include\xutility(158,77): warning C4244: 'argument': conversion from '_Ty' to 'float', possible loss of data
          with
          [
              _Ty=double
          ]
C:\Program Files (x86)\Microsoft Visual Studio\2019\Community\VC\Tools\MSVC\14.29.30133\include\memory(2029): message : see reference to function template instantiation 'void std::_Construct_in_place<_Ty,std::shared_ptr<Shader>&,std::shared_ptr<Font>&,const char(&)[10],TextColor,double>(_Ty &,std::shared_ptr<Shader> &,std::shared_ptr<Font> &,const char (&)[10],TextColor &&,double &&) noexcept(false)' being compiled
          with
          [
              _Ty=Text
          ]
C:\Program Files (x86)\Microsoft Visual Studio\2019\Community\VC\Tools\MSVC\14.29.30133\include\memory(2748): message : see reference to function template instantiation 'std::_Ref_count_obj2<_Ty>::_Ref_count_obj2<std::shared_ptr<Shader>&,std::shared_ptr<Font>&,const char(&)[10],TextColor,double>(std::shared_ptr<Shader> &,std::shared_ptr<Font> &,const char (&)[10],TextColor &&,double &&)' being compiled
          with
          [
              _Ty=Text
          ]
C:\Program Files (x86)\Microsoft Visual Studio\2019\Community\VC\Tools\MSVC\14.29.30133\include\memory(2748): message : see reference to function template instantiation 'std::_Ref_count_obj2<_Ty>::_Ref_count_obj2<std::shared_ptr<Shader>&,std::shared_ptr<Font>&,const char(&)[10],TextColor,double>(std::shared_ptr<Shader> &,std::shared_ptr<Font> &,const char (&)[10],TextColor &&,double &&)' being compiled
          with
          [
              _Ty=Text
          ]
C:\Users\han.glschool2\DucIntern2022\MiniGameStarter\MiniGameStarter\TrainingFramework\src\GameStates\GSPlay.cpp(62): message : see reference to function template instantiation 'std::shared_ptr<Text> std::make_shared<Text,std::shared_ptr<Shader>&,std::shared_ptr<Font>&,const char(&)[10],TextColor,double>(std::shared_ptr<Shader> &,std::shared_ptr<Font> &,const char (&)[10],TextColor &&,double &&)' being compiled
  GameStateBase.cpp
  Generating Code...
  TrainingFramework.vcxproj -> C:\Users\han.glschool2\DucIntern2022\MiniGameStarter\MiniGameStarter\BIN-Nvidia\TrainingFramework.exe
