  Application.cpp
src\Application.cpp(51): warning C4244: 'argument': conversion from 'GLint' to 'float', possible loss of data
src\Application.cpp(57): warning C4244: 'argument': conversion from 'GLint' to 'float', possible loss of data
C:\Program Files (x86)\Microsoft Visual Studio 14.0\VC\include\memory(901): warning C4244: 'argument': conversion from 'int' to 'GLfloat', possible loss of data
  C:\Program Files (x86)\Microsoft Visual Studio 14.0\VC\include\memory(971): note: see reference to function template instantiation 'std::_Ref_count_obj<_Ty>::_Ref_count_obj<int,int,int&,int,int&,float,float,float>(int &&,int &&,int &,int &&,int &,float &&,float &&,float &&)' being compiled
          with
          [
              _Ty=Camera
          ]
  C:\Program Files (x86)\Microsoft Visual Studio 14.0\VC\include\memory(971): note: see reference to function template instantiation 'std::_Ref_count_obj<_Ty>::_Ref_count_obj<int,int,int&,int,int&,float,float,float>(int &&,int &&,int &,int &&,int &,float &&,float &&,float &&)' being compiled
          with
          [
              _Ty=Camera
          ]
  src\Application.cpp(20): note: see reference to function template instantiation 'std::shared_ptr<Camera> std::make_shared<Camera,int,int,int&,int,int&,float,float,float>(int &&,int &&,int &,int &&,int &,float &&,float &&,float &&)' being compiled
  ResourceManagers.cpp
  Font.cpp
  GameButton.cpp
  Collision.cpp
src\GameObject\Collision.cpp(10): warning C4244: 'initializing': conversion from 'GLfloat' to 'int', possible loss of data
src\GameObject\Collision.cpp(11): warning C4244: 'initializing': conversion from 'GLfloat' to 'int', possible loss of data
src\GameObject\Collision.cpp(12): warning C4244: 'initializing': conversion from 'GLfloat' to 'int', possible loss of data
src\GameObject\Collision.cpp(13): warning C4244: 'initializing': conversion from 'GLfloat' to 'int', possible loss of data
src\GameObject\Collision.cpp(15): warning C4244: 'initializing': conversion from 'GLfloat' to 'int', possible loss of data
src\GameObject\Collision.cpp(16): warning C4244: 'initializing': conversion from 'GLfloat' to 'int', possible loss of data
src\GameObject\Collision.cpp(17): warning C4244: 'initializing': conversion from 'GLfloat' to 'int', possible loss of data
src\GameObject\Collision.cpp(18): warning C4244: 'initializing': conversion from 'GLfloat' to 'int', possible loss of data
src\GameObject\Collision.cpp(98): warning C4244: 'initializing': conversion from 'GLfloat' to 'int', possible loss of data
src\GameObject\Collision.cpp(99): warning C4244: 'initializing': conversion from 'GLfloat' to 'int', possible loss of data
src\GameObject\Collision.cpp(100): warning C4244: 'initializing': conversion from 'GLfloat' to 'int', possible loss of data
src\GameObject\Collision.cpp(101): warning C4244: 'initializing': conversion from 'GLfloat' to 'int', possible loss of data
src\GameObject\Collision.cpp(103): warning C4244: 'initializing': conversion from 'GLfloat' to 'int', possible loss of data
src\GameObject\Collision.cpp(104): warning C4244: 'initializing': conversion from 'GLfloat' to 'int', possible loss of data
src\GameObject\Collision.cpp(105): warning C4244: 'initializing': conversion from 'GLfloat' to 'int', possible loss of data
src\GameObject\Collision.cpp(106): warning C4244: 'initializing': conversion from 'GLfloat' to 'int', possible loss of data
  Obstacle.cpp
  Player.cpp
  Sprite2D.cpp
  Camera.cpp
  Sprite3D.cpp
  Model.cpp
src\GameObject\Model.cpp(25): warning C4244: 'initializing': conversion from 'std::streamoff' to 'std::size_t', possible loss of data
  Shader.cpp
  SpriteAnimation.cpp
src\GameObject\SpriteAnimation.cpp(83): warning C4244: 'argument': conversion from 'GLint' to 'GLfloat', possible loss of data
src\GameObject\SpriteAnimation.cpp(88): warning C4244: 'argument': conversion from 'GLint' to 'GLfloat', possible loss of data
src\GameObject\SpriteAnimation.cpp(93): warning C4244: 'argument': conversion from 'GLint' to 'GLfloat', possible loss of data
src\GameObject\SpriteAnimation.cpp(98): warning C4244: 'argument': conversion from 'GLint' to 'GLfloat', possible loss of data
  Text.cpp
  Texture.cpp
  GSGameOver.cpp
src\GameStates\GSGameOver.cpp(52): warning C4244: 'argument': conversion from 'int' to 'GLfloat', possible loss of data
src\GameStates\GSGameOver.cpp(120): warning C4244: 'argument': conversion from 'float' to 'GLint', possible loss of data
C:\Program Files (x86)\Microsoft Visual Studio 14.0\VC\include\memory(901): warning C4244: 'argument': conversion from 'double' to 'float', possible loss of data
  C:\Program Files (x86)\Microsoft Visual Studio 14.0\VC\include\memory(971): note: see reference to function template instantiation 'std::_Ref_count_obj<_Ty>::_Ref_count_obj<std::shared_ptr<Shader>&,std::shared_ptr<Font>&,const char(&)[10],TextColor,double>(std::shared_ptr<Shader> &,std::shared_ptr<Font> &,const char (&)[10],TextColor &&,double &&)' being compiled
          with
          [
              _Ty=Text
          ]
  C:\Program Files (x86)\Microsoft Visual Studio 14.0\VC\include\memory(971): note: see reference to function template instantiation 'std::_Ref_count_obj<_Ty>::_Ref_count_obj<std::shared_ptr<Shader>&,std::shared_ptr<Font>&,const char(&)[10],TextColor,double>(std::shared_ptr<Shader> &,std::shared_ptr<Font> &,const char (&)[10],TextColor &&,double &&)' being compiled
          with
          [
              _Ty=Text
          ]
  src\GameStates\GSGameOver.cpp(70): note: see reference to function template instantiation 'std::shared_ptr<Text> std::make_shared<Text,std::shared_ptr<Shader>&,std::shared_ptr<Font>&,const char(&)[10],TextColor,double>(std::shared_ptr<Shader> &,std::shared_ptr<Font> &,const char (&)[10],TextColor &&,double &&)' being compiled
  GameStateBase.cpp
  GameStateMachine.cpp
  GSHelp.cpp
src\GameStates\GSHelp.cpp(155): warning C4244: 'argument': conversion from 'float' to 'GLint', possible loss of data
C:\Program Files (x86)\Microsoft Visual Studio 14.0\VC\include\memory(901): warning C4244: 'argument': conversion from 'double' to 'float', possible loss of data
  C:\Program Files (x86)\Microsoft Visual Studio 14.0\VC\include\memory(971): note: see reference to function template instantiation 'std::_Ref_count_obj<_Ty>::_Ref_count_obj<std::shared_ptr<Shader>&,std::shared_ptr<Font>&,const char(&)[5],TextColor,double>(std::shared_ptr<Shader> &,std::shared_ptr<Font> &,const char (&)[5],TextColor &&,double &&)' being compiled
          with
          [
              _Ty=Text
          ]
  C:\Program Files (x86)\Microsoft Visual Studio 14.0\VC\include\memory(971): note: see reference to function template instantiation 'std::_Ref_count_obj<_Ty>::_Ref_count_obj<std::shared_ptr<Shader>&,std::shared_ptr<Font>&,const char(&)[5],TextColor,double>(std::shared_ptr<Shader> &,std::shared_ptr<Font> &,const char (&)[5],TextColor &&,double &&)' being compiled
          with
          [
              _Ty=Text
          ]
  src\GameStates\GSHelp.cpp(39): note: see reference to function template instantiation 'std::shared_ptr<Text> std::make_shared<Text,std::shared_ptr<Shader>&,std::shared_ptr<Font>&,const char(&)[5],TextColor,double>(std::shared_ptr<Shader> &,std::shared_ptr<Font> &,const char (&)[5],TextColor &&,double &&)' being compiled
  GSIntro.cpp
  Compiling...
  GSMenu.cpp
src\GameStates\GSMenu.cpp(23): warning C4244: 'argument': conversion from 'int' to 'GLfloat', possible loss of data
src\GameStates\GSMenu.cpp(60): warning C4244: 'argument': conversion from 'int' to 'GLfloat', possible loss of data
src\GameStates\GSMenu.cpp(104): warning C4244: 'argument': conversion from 'float' to 'GLint', possible loss of data
  GSPause.cpp
src\GameStates\GSPause.cpp(88): warning C4244: 'argument': conversion from 'float' to 'GLint', possible loss of data
C:\Program Files (x86)\Microsoft Visual Studio 14.0\VC\include\memory(901): warning C4244: 'argument': conversion from 'double' to 'float', possible loss of data
  C:\Program Files (x86)\Microsoft Visual Studio 14.0\VC\include\memory(971): note: see reference to function template instantiation 'std::_Ref_count_obj<_Ty>::_Ref_count_obj<std::shared_ptr<Shader>&,std::shared_ptr<Font>&,std::basic_string<char,std::char_traits<char>,std::allocator<char>>,TextColor,double>(std::shared_ptr<Shader> &,std::shared_ptr<Font> &,std::basic_string<char,std::char_traits<char>,std::allocator<char>> &&,TextColor &&,double &&)' being compiled
          with
          [
              _Ty=Text
          ]
  C:\Program Files (x86)\Microsoft Visual Studio 14.0\VC\include\memory(971): note: see reference to function template instantiation 'std::_Ref_count_obj<_Ty>::_Ref_count_obj<std::shared_ptr<Shader>&,std::shared_ptr<Font>&,std::basic_string<char,std::char_traits<char>,std::allocator<char>>,TextColor,double>(std::shared_ptr<Shader> &,std::shared_ptr<Font> &,std::basic_string<char,std::char_traits<char>,std::allocator<char>> &&,TextColor &&,double &&)' being compiled
          with
          [
              _Ty=Text
          ]
  src\GameStates\GSPause.cpp(54): note: see reference to function template instantiation 'std::shared_ptr<Text> std::make_shared<Text,std::shared_ptr<Shader>&,std::shared_ptr<Font>&,std::basic_string<char,std::char_traits<char>,std::allocator<char>>,TextColor,double>(std::shared_ptr<Shader> &,std::shared_ptr<Font> &,std::basic_string<char,std::char_traits<char>,std::allocator<char>> &&,TextColor &&,double &&)' being compiled
  GSPlay.cpp
src\GameStates\GSPlay.cpp(77): warning C4244: 'argument': conversion from 'int' to 'GLfloat', possible loss of data
src\GameStates\GSPlay.cpp(91): warning C4244: 'argument': conversion from 'int' to 'GLfloat', possible loss of data
src\GameStates\GSPlay.cpp(102): warning C4244: 'argument': conversion from 'int' to 'GLfloat', possible loss of data
src\GameStates\GSPlay.cpp(246): warning C4244: 'argument': conversion from 'float' to 'GLint', possible loss of data
src\GameStates\GSPlay.cpp(540): warning C4065: switch statement contains 'default' but no 'case' labels
C:\Program Files (x86)\Microsoft Visual Studio 14.0\VC\include\memory(901): warning C4244: 'argument': conversion from 'double' to 'float', possible loss of data
  C:\Program Files (x86)\Microsoft Visual Studio 14.0\VC\include\memory(971): note: see reference to function template instantiation 'std::_Ref_count_obj<_Ty>::_Ref_count_obj<std::shared_ptr<Shader>&,std::shared_ptr<Font>&,const char(&)[9],TextColor,double>(std::shared_ptr<Shader> &,std::shared_ptr<Font> &,const char (&)[9],TextColor &&,double &&)' being compiled
          with
          [
              _Ty=Text
          ]
  C:\Program Files (x86)\Microsoft Visual Studio 14.0\VC\include\memory(971): note: see reference to function template instantiation 'std::_Ref_count_obj<_Ty>::_Ref_count_obj<std::shared_ptr<Shader>&,std::shared_ptr<Font>&,const char(&)[9],TextColor,double>(std::shared_ptr<Shader> &,std::shared_ptr<Font> &,const char (&)[9],TextColor &&,double &&)' being compiled
          with
          [
              _Ty=Text
          ]
  src\GameStates\GSPlay.cpp(124): note: see reference to function template instantiation 'std::shared_ptr<Text> std::make_shared<Text,std::shared_ptr<Shader>&,std::shared_ptr<Font>&,const char(&)[9],TextColor,double>(std::shared_ptr<Shader> &,std::shared_ptr<Font> &,const char (&)[9],TextColor &&,double &&)' being compiled
  GSSettings.cpp
src\GameStates\GSSettings.cpp(123): warning C4244: 'argument': conversion from 'float' to 'GLint', possible loss of data
C:\Program Files (x86)\Microsoft Visual Studio 14.0\VC\include\memory(901): warning C4244: 'argument': conversion from 'double' to 'float', possible loss of data
  C:\Program Files (x86)\Microsoft Visual Studio 14.0\VC\include\memory(971): note: see reference to function template instantiation 'std::_Ref_count_obj<_Ty>::_Ref_count_obj<std::shared_ptr<Shader>&,std::shared_ptr<Font>&,const char(&)[9],TextColor,double>(std::shared_ptr<Shader> &,std::shared_ptr<Font> &,const char (&)[9],TextColor &&,double &&)' being compiled
          with
          [
              _Ty=Text
          ]
  C:\Program Files (x86)\Microsoft Visual Studio 14.0\VC\include\memory(971): note: see reference to function template instantiation 'std::_Ref_count_obj<_Ty>::_Ref_count_obj<std::shared_ptr<Shader>&,std::shared_ptr<Font>&,const char(&)[9],TextColor,double>(std::shared_ptr<Shader> &,std::shared_ptr<Font> &,const char (&)[9],TextColor &&,double &&)' being compiled
          with
          [
              _Ty=Text
          ]
  src\GameStates\GSSettings.cpp(58): note: see reference to function template instantiation 'std::shared_ptr<Text> std::make_shared<Text,std::shared_ptr<Shader>&,std::shared_ptr<Font>&,const char(&)[9],TextColor,double>(std::shared_ptr<Shader> &,std::shared_ptr<Font> &,const char (&)[9],TextColor &&,double &&)' being compiled
  TrainingFramework.cpp
LINK : warning LNK4098: defaultlib 'LIBCMT' conflicts with use of other libs; use /NODEFAULTLIB:library
  Generating code
  All 3213 functions were compiled because no usable IPDB/IOBJ from previous compilation was found.
  Finished generating code
  TrainingFramework.vcxproj -> D:\DucIntern2022\MiniGameStarter\MiniGameStarter\\BIN-Nvidia\TrainingFramework.exe
  TrainingFramework.vcxproj -> D:\DucIntern2022\MiniGameStarter\MiniGameStarter\\BIN-Nvidia\TrainingFramework.pdb (Full PDB)
